<?xml version="1.0" encoding="UTF-8"?>
<!-- Generated by org.testng.reporters.JUnitReportReporter -->
<testsuite hostname="VinayKumar" failures="0" tests="1" name="E2EEcommerce" time="10.046" errors="0" timestamp="2024-02-06T21:49:01 IST" skipped="0">
  <testcase classname="E2EEcommerce" name="login" time="10.046"/>
</testsuite> <!-- E2EEcommerce -->
