<?xml version="1.0" encoding="UTF-8"?>
<!-- Generated by org.testng.reporters.JUnitReportReporter -->
<testsuite hostname="VinayKumar" failures="0" tests="3" name="DynamicJson" time="3.298" errors="0" timestamp="2024-02-03T22:28:32 IST" skipped="0">
  <testcase classname="DynamicJson" name="addbook" time="0.258"/>
  <testcase classname="DynamicJson" name="addbook" time="2.788"/>
  <testcase classname="DynamicJson" name="addbook" time="0.252"/>
</testsuite> <!-- DynamicJson -->
