<?xml version="1.0" encoding="UTF-8"?>
<!-- Generated by org.testng.reporters.JUnitReportReporter -->
<testsuite hostname="VinayKumar" failures="0" tests="1" name="GoogleAPIUsingPojoClass" time="3.215" errors="0" timestamp="2024-02-06T12:53:16 IST" skipped="0">
  <testcase classname="GoogleAPIUsingPojoClass" name="postapi" time="3.215"/>
</testsuite> <!-- GoogleAPIUsingPojoClass -->
