<?xml version="1.0" encoding="UTF-8"?>
<!-- Generated by org.testng.reporters.JUnitReportReporter -->
<testsuite hostname="VinayKumar" failures="0" tests="1" name="SpecBuilder_RequestSpec_ResponseSpec" time="4.480" errors="0" timestamp="2024-02-06T14:36:56 IST" skipped="0">
  <testcase classname="SpecBuilder_RequestSpec_ResponseSpec" name="postapi" time="4.480"/>
</testsuite> <!-- SpecBuilder_RequestSpec_ResponseSpec -->
