<?xml version="1.0" encoding="UTF-8"?>
<!-- Generated by org.testng.reporters.JUnitReportReporter -->
<testsuite hostname="VinayKumar" failures="0" tests="1" name="OAuth" time="4.427" errors="0" timestamp="2024-02-06T11:39:34 IST" skipped="0">
  <testcase classname="OAuth" name="oauth" time="4.427"/>
</testsuite> <!-- OAuth -->
